<?xml version="1.0" encoding="UTF-8"?>
<!-- Generated by org.testng.reporters.JUnitReportReporter -->
<testsuite hostname="Divyajas-Laptop.local" failures="0" tests="2" name="divgroup.tests.StandAloneTest2" time="0.000" errors="0" timestamp="2024-08-09T01:31:52 PDT" skipped="2">
  <testcase classname="divgroup.tests.StandAloneTest2" name="OrderHistoryTest" time="0.000">
    <skipped/>
  </testcase> <!-- OrderHistoryTest -->
  <system-out/>
  <testcase classname="divgroup.tests.StandAloneTest2" name="StandAlone" time="0.000">
    <skipped/>
  </testcase> <!-- StandAlone -->
  <system-out/>
</testsuite> <!-- divgroup.tests.StandAloneTest2 -->
